mode: set
enigmacamp.com/completetesting/usecase/student_usecase.go:17.89,19.2 1 1
enigmacamp.com/completetesting/usecase/student_usecase.go:21.89,23.2 1 1
enigmacamp.com/completetesting/usecase/student_usecase.go:25.85,27.2 1 1
enigmacamp.com/completetesting/repository/student_repository.go:19.65,22.2 2 1
enigmacamp.com/completetesting/repository/student_repository.go:24.63,27.16 3 1
enigmacamp.com/completetesting/repository/student_repository.go:30.2,30.22 1 1
enigmacamp.com/completetesting/repository/student_repository.go:27.16,29.3 1 0
enigmacamp.com/completetesting/repository/student_repository.go:33.80,36.16 3 0
enigmacamp.com/completetesting/repository/student_repository.go:39.2,39.22 1 0
enigmacamp.com/completetesting/repository/student_repository.go:36.16,38.3 1 0
enigmacamp.com/completetesting/repository/student_repository.go:42.79,45.16 3 0
enigmacamp.com/completetesting/repository/student_repository.go:48.2,48.22 1 0
enigmacamp.com/completetesting/repository/student_repository.go:45.16,47.3 1 0
enigmacamp.com/completetesting/repository/student_repository.go:51.86,54.16 3 0
enigmacamp.com/completetesting/repository/student_repository.go:57.2,58.22 2 0
enigmacamp.com/completetesting/repository/student_repository.go:54.16,56.3 1 0
enigmacamp.com/completetesting/delivery/delivery_init.go:8.81,12.2 3 1
enigmacamp.com/completetesting/delivery/student_api.go:17.104,18.42 1 1
enigmacamp.com/completetesting/delivery/student_api.go:21.2,26.25 3 1
enigmacamp.com/completetesting/delivery/student_api.go:18.42,20.3 1 1
enigmacamp.com/completetesting/delivery/student_api.go:28.37,32.2 3 1
enigmacamp.com/completetesting/delivery/student_api.go:34.55,37.16 3 1
enigmacamp.com/completetesting/delivery/student_api.go:41.2,43.4 1 1
enigmacamp.com/completetesting/delivery/student_api.go:37.16,40.3 2 1
enigmacamp.com/completetesting/delivery/student_api.go:45.54,48.16 3 1
enigmacamp.com/completetesting/delivery/student_api.go:54.2,55.16 2 1
enigmacamp.com/completetesting/delivery/student_api.go:61.2,63.4 1 1
enigmacamp.com/completetesting/delivery/student_api.go:48.16,53.3 2 1
enigmacamp.com/completetesting/delivery/student_api.go:55.16,60.3 2 1
